[2.504s] Invoking command in '/home/chimera/ros2_ws/src/chimera_stitching': PYTHONPATH=/home/chimera/ros2_ws/build/chimera_stitching/prefix_override:/usr/lib/python3/dist-packages/colcon_core/task/python/colcon_distutils_commands:/home/chimera/ros2_ws/install/chimera_stitching/lib/python3.10/site-packages:${PYTHONPATH} /usr/bin/python3 -W ignore:setup.py install is deprecated -W ignore:easy_install command is deprecated setup.py egg_info --egg-base ../../build/chimera_stitching build --build-base /home/chimera/ros2_ws/build/chimera_stitching/build install --record /home/chimera/ros2_ws/build/chimera_stitching/install.log --single-version-externally-managed install_data
[3.324s] running egg_info
[3.385s] writing ../../build/chimera_stitching/chimera_stitching.egg-info/PKG-INFO
[3.387s] writing dependency_links to ../../build/chimera_stitching/chimera_stitching.egg-info/dependency_links.txt
[3.387s] writing entry points to ../../build/chimera_stitching/chimera_stitching.egg-info/entry_points.txt
[3.388s] writing requirements to ../../build/chimera_stitching/chimera_stitching.egg-info/requires.txt
[3.388s] writing top-level names to ../../build/chimera_stitching/chimera_stitching.egg-info/top_level.txt
[3.516s] reading manifest file '../../build/chimera_stitching/chimera_stitching.egg-info/SOURCES.txt'
[3.517s] adding license file 'LICENSE'
[3.520s] writing manifest file '../../build/chimera_stitching/chimera_stitching.egg-info/SOURCES.txt'
[3.520s] running build
[3.520s] running build_py
[3.521s] copying chimera_stitching/communication.py -> /home/chimera/ros2_ws/build/chimera_stitching/build/lib/chimera_stitching
[3.522s] copying chimera_stitching/stitching.py -> /home/chimera/ros2_ws/build/chimera_stitching/build/lib/chimera_stitching
[3.522s] copying chimera_stitching/__init__.py -> /home/chimera/ros2_ws/build/chimera_stitching/build/lib/chimera_stitching
[3.523s] running install
[3.534s] running install_lib
[3.597s] copying /home/chimera/ros2_ws/build/chimera_stitching/build/lib/chimera_stitching/communication.py -> /home/chimera/ros2_ws/install/chimera_stitching/lib/python3.10/site-packages/chimera_stitching
[3.599s] byte-compiling /home/chimera/ros2_ws/install/chimera_stitching/lib/python3.10/site-packages/chimera_stitching/communication.py to communication.cpython-310.pyc
[3.611s] running install_data
[3.612s] copying resource/chimera_stitching -> /home/chimera/ros2_ws/install/chimera_stitching/share/ament_index/resource_index/packages
[3.613s] copying package.xml -> /home/chimera/ros2_ws/install/chimera_stitching/share/chimera_stitching
[3.613s] running install_egg_info
[3.680s] removing '/home/chimera/ros2_ws/install/chimera_stitching/lib/python3.10/site-packages/chimera_stitching-0.0.0-py3.10.egg-info' (and everything under it)
[3.680s] Copying ../../build/chimera_stitching/chimera_stitching.egg-info to /home/chimera/ros2_ws/install/chimera_stitching/lib/python3.10/site-packages/chimera_stitching-0.0.0-py3.10.egg-info
[3.683s] running install_scripts
[4.148s] Installing communication script to /home/chimera/ros2_ws/install/chimera_stitching/lib/chimera_stitching
[4.149s] Installing stitching script to /home/chimera/ros2_ws/install/chimera_stitching/lib/chimera_stitching
[4.150s] writing list of installed files to '/home/chimera/ros2_ws/build/chimera_stitching/install.log'
[4.235s] Invoked command in '/home/chimera/ros2_ws/src/chimera_stitching' returned '0': PYTHONPATH=/home/chimera/ros2_ws/build/chimera_stitching/prefix_override:/usr/lib/python3/dist-packages/colcon_core/task/python/colcon_distutils_commands:/home/chimera/ros2_ws/install/chimera_stitching/lib/python3.10/site-packages:${PYTHONPATH} /usr/bin/python3 -W ignore:setup.py install is deprecated -W ignore:easy_install command is deprecated setup.py egg_info --egg-base ../../build/chimera_stitching build --build-base /home/chimera/ros2_ws/build/chimera_stitching/build install --record /home/chimera/ros2_ws/build/chimera_stitching/install.log --single-version-externally-managed install_data
